0 info it worked if it ends with ok
1 verbose cli [ '/usr/local/bin/node',
1 verbose cli   '/usr/local/bin/npm',
1 verbose cli   'run-script',
1 verbose cli   'start' ]
2 info using npm@3.3.12
3 info using node@v5.1.0
4 verbose run-script [ 'prestart', 'start', 'poststart' ]
5 info lifecycle col-sp-client-@0.0.2~prestart: col-sp-client-@0.0.2
6 silly lifecycle col-sp-client-@0.0.2~prestart: no script for prestart, continuing
7 info lifecycle col-sp-client-@0.0.2~start: col-sp-client-@0.0.2
8 verbose lifecycle col-sp-client-@0.0.2~start: unsafe-perm in lifecycle true
9 verbose lifecycle col-sp-client-@0.0.2~start: PATH: /usr/local/lib/node_modules/npm/bin/node-gyp-bin:/Users/ssabpisa/src/col-sp-ui/node_modules/.bin:/Library/Frameworks/Python.framework/Versions/2.7/bin:/opt/local/bin:/opt/local/sbin:/usr/local/lib/dnx/runtimes/dnx-coreclr-darwin-x64.1.0.0-rc1-update1/bin:/Users/ssabpisa/.dnx/bin:/usr/local/bin:/usr/bin:/bin:/usr/sbin:/sbin:/Users/ssabpisa/android-sdk/platform-tools:/Users/ssabpisa/apache-maven-3.3.9/bin:/Users/ssabpisa/phantomjs-2.0.0-macosx/bin
10 verbose lifecycle col-sp-client-@0.0.2~start: CWD: /Users/ssabpisa/src/col-sp-ui
11 silly lifecycle col-sp-client-@0.0.2~start: Args: [ '-c', 'php -S 0.0.0.0:5000 -t public' ]
12 silly lifecycle col-sp-client-@0.0.2~start: Returned: code: 1  signal: null
13 info lifecycle col-sp-client-@0.0.2~start: Failed to exec start script
14 verbose stack Error: col-sp-client-@0.0.2 start: `php -S 0.0.0.0:5000 -t public`
14 verbose stack Exit status 1
14 verbose stack     at EventEmitter.<anonymous> (/usr/local/lib/node_modules/npm/lib/utils/lifecycle.js:232:16)
14 verbose stack     at emitTwo (events.js:87:13)
14 verbose stack     at EventEmitter.emit (events.js:172:7)
14 verbose stack     at ChildProcess.<anonymous> (/usr/local/lib/node_modules/npm/lib/utils/spawn.js:24:14)
14 verbose stack     at emitTwo (events.js:87:13)
14 verbose stack     at ChildProcess.emit (events.js:172:7)
14 verbose stack     at maybeClose (internal/child_process.js:818:16)
14 verbose stack     at Process.ChildProcess._handle.onexit (internal/child_process.js:211:5)
15 verbose pkgid col-sp-client-@0.0.2
16 verbose cwd /Users/ssabpisa/src/col-sp-ui
17 error Darwin 15.5.0
18 error argv "/usr/local/bin/node" "/usr/local/bin/npm" "run-script" "start"
19 error node v5.1.0
20 error npm  v3.3.12
21 error code ELIFECYCLE
22 error col-sp-client-@0.0.2 start: `php -S 0.0.0.0:5000 -t public`
22 error Exit status 1
23 error Failed at the col-sp-client-@0.0.2 start script 'php -S 0.0.0.0:5000 -t public'.
23 error Make sure you have the latest version of node.js and npm installed.
23 error If you do, this is most likely a problem with the col-sp-client- package,
23 error not with npm itself.
23 error Tell the author that this fails on your system:
23 error     php -S 0.0.0.0:5000 -t public
23 error You can get their info via:
23 error     npm owner ls col-sp-client-
23 error There is likely additional logging output above.
24 verbose exit [ 1, true ]
